<?xml version="1.0" encoding="UTF-8"?>
<testng-results ignored="0" total="2" passed="2" failed="0" skipped="0">
  <reporter-output>
    <line>
      <![CDATA[Extent Report DirectoryC:\WEM_FALL2022_TDDFramework\target\surefire-reports\html]]>
    </line>
  </reporter-output>
  <suite started-at="2023-03-26T12:22:10 EDT" name="HomePage Amazon Test" finished-at="2023-03-26T12:22:32 EDT" duration-ms="22194">
    <groups>
    </groups>
    <test started-at="2023-03-26T12:22:10 EDT" name="HomePage" finished-at="2023-03-26T12:22:32 EDT" duration-ms="22194">
      <class name="HomepageTest.HomepageTest">
        <test-method is-config="true" signature="extentSetup(org.testng.ITestContext)[pri:0, instance:HomepageTest.HomepageTest@740cae06]" started-at="2023-03-26T12:22:10 EDT" name="extentSetup" finished-at="2023-03-26T12:22:10 EDT" duration-ms="213" status="PASS">
          <params>
            <param index="0">
              <value>
                <![CDATA[org.testng.TestRunner@409986fe]]>
              </value>
            </param>
          </params>
          <reporter-output>
            <line>
              <![CDATA[Extent Report DirectoryC:\WEM_FALL2022_TDDFramework\target\surefire-reports\html]]>
            </line>
          </reporter-output>
        </test-method> <!-- extentSetup -->
        <test-method is-config="true" signature="setUp(boolean,java.lang.String,java.lang.String,java.lang.String,java.lang.String,java.lang.String,java.lang.String)[pri:0, instance:HomepageTest.HomepageTest@740cae06]" started-at="2023-03-26T12:22:10 EDT" name="setUp" finished-at="2023-03-26T12:22:17 EDT" duration-ms="6737" status="PASS">
          <params>
            <param index="0">
              <value>
                <![CDATA[false]]>
              </value>
            </param>
            <param index="1">
              <value>
                <![CDATA[browserstack]]>
              </value>
            </param>
            <param index="2">
              <value>
                <![CDATA[windows]]>
              </value>
            </param>
            <param index="3">
              <value>
                <![CDATA[10]]>
              </value>
            </param>
            <param index="4">
              <value>
                <![CDATA[chrome]]>
              </value>
            </param>
            <param index="5">
              <value>
                <![CDATA[111]]>
              </value>
            </param>
            <param index="6">
              <value>
                <![CDATA[https://www.amazon.com/]]>
              </value>
            </param>
          </params>
          <reporter-output>
          </reporter-output>
        </test-method> <!-- setUp -->
        <test-method is-config="true" signature="startExtent(java.lang.reflect.Method)[pri:0, instance:HomepageTest.HomepageTest@740cae06]" started-at="2023-03-26T12:22:17 EDT" name="startExtent" finished-at="2023-03-26T12:22:17 EDT" duration-ms="7" status="PASS">
          <params>
            <param index="0">
              <value>
                <![CDATA[public void HomepageTest.HomepageTest.TestLanguageMouseHoverandLanguageSelection()]]>
              </value>
            </param>
          </params>
          <reporter-output>
          </reporter-output>
        </test-method> <!-- startExtent -->
        <test-method signature="TestLanguageMouseHoverandLanguageSelection()[pri:0, instance:HomepageTest.HomepageTest@740cae06]" started-at="2023-03-26T12:22:17 EDT" name="TestLanguageMouseHoverandLanguageSelection" finished-at="2023-03-26T12:22:20 EDT" duration-ms="2995" status="PASS">
          <reporter-output>
          </reporter-output>
        </test-method> <!-- TestLanguageMouseHoverandLanguageSelection -->
        <test-method is-config="true" signature="afterEachTestMethod(org.testng.ITestResult)[pri:0, instance:HomepageTest.HomepageTest@740cae06]" started-at="2023-03-26T12:22:20 EDT" name="afterEachTestMethod" finished-at="2023-03-26T12:22:21 EDT" duration-ms="1719" status="PASS">
          <params>
            <param index="0">
              <value>
                <![CDATA[[TestResult name=TestLanguageMouseHoverandLanguageSelection status=SUCCESS method=HomepageTest.TestLanguageMouseHoverandLanguageSelection()[pri:0, instance:HomepageTest.HomepageTest@740cae06] output={null}]]]>
              </value>
            </param>
          </params>
          <reporter-output>
          </reporter-output>
        </test-method> <!-- afterEachTestMethod -->
        <test-method is-config="true" signature="cleanUp()[pri:0, instance:HomepageTest.HomepageTest@740cae06]" started-at="2023-03-26T12:22:21 EDT" name="cleanUp" finished-at="2023-03-26T12:22:21 EDT" duration-ms="1" status="PASS">
          <reporter-output>
          </reporter-output>
        </test-method> <!-- cleanUp -->
        <test-method is-config="true" signature="setUp(boolean,java.lang.String,java.lang.String,java.lang.String,java.lang.String,java.lang.String,java.lang.String)[pri:0, instance:HomepageTest.HomepageTest@740cae06]" started-at="2023-03-26T12:22:21 EDT" name="setUp" finished-at="2023-03-26T12:22:27 EDT" duration-ms="5254" status="PASS">
          <params>
            <param index="0">
              <value>
                <![CDATA[false]]>
              </value>
            </param>
            <param index="1">
              <value>
                <![CDATA[browserstack]]>
              </value>
            </param>
            <param index="2">
              <value>
                <![CDATA[windows]]>
              </value>
            </param>
            <param index="3">
              <value>
                <![CDATA[10]]>
              </value>
            </param>
            <param index="4">
              <value>
                <![CDATA[chrome]]>
              </value>
            </param>
            <param index="5">
              <value>
                <![CDATA[111]]>
              </value>
            </param>
            <param index="6">
              <value>
                <![CDATA[https://www.amazon.com/]]>
              </value>
            </param>
          </params>
          <reporter-output>
          </reporter-output>
        </test-method> <!-- setUp -->
        <test-method is-config="true" signature="startExtent(java.lang.reflect.Method)[pri:0, instance:HomepageTest.HomepageTest@740cae06]" started-at="2023-03-26T12:22:27 EDT" name="startExtent" finished-at="2023-03-26T12:22:27 EDT" duration-ms="1" status="PASS">
          <params>
            <param index="0">
              <value>
                <![CDATA[public void HomepageTest.HomepageTest.testAmazonSearchProduct()]]>
              </value>
            </param>
          </params>
          <reporter-output>
          </reporter-output>
        </test-method> <!-- startExtent -->
        <test-method signature="testAmazonSearchProduct()[pri:0, instance:HomepageTest.HomepageTest@740cae06]" started-at="2023-03-26T12:22:27 EDT" name="testAmazonSearchProduct" finished-at="2023-03-26T12:22:31 EDT" duration-ms="4443" status="PASS">
          <reporter-output>
          </reporter-output>
        </test-method> <!-- testAmazonSearchProduct -->
        <test-method is-config="true" signature="afterEachTestMethod(org.testng.ITestResult)[pri:0, instance:HomepageTest.HomepageTest@740cae06]" started-at="2023-03-26T12:22:31 EDT" name="afterEachTestMethod" finished-at="2023-03-26T12:22:32 EDT" duration-ms="983" status="PASS">
          <params>
            <param index="0">
              <value>
                <![CDATA[[TestResult name=testAmazonSearchProduct status=SUCCESS method=HomepageTest.testAmazonSearchProduct()[pri:0, instance:HomepageTest.HomepageTest@740cae06] output={null}]]]>
              </value>
            </param>
          </params>
          <reporter-output>
          </reporter-output>
        </test-method> <!-- afterEachTestMethod -->
        <test-method is-config="true" signature="cleanUp()[pri:0, instance:HomepageTest.HomepageTest@740cae06]" started-at="2023-03-26T12:22:32 EDT" name="cleanUp" finished-at="2023-03-26T12:22:32 EDT" duration-ms="1" status="PASS">
          <reporter-output>
          </reporter-output>
        </test-method> <!-- cleanUp -->
        <test-method is-config="true" signature="generateReport()[pri:0, instance:HomepageTest.HomepageTest@740cae06]" started-at="2023-03-26T12:22:32 EDT" name="generateReport" finished-at="2023-03-26T12:22:32 EDT" duration-ms="30" status="PASS">
          <reporter-output>
          </reporter-output>
        </test-method> <!-- generateReport -->
      </class> <!-- HomepageTest.HomepageTest -->
    </test> <!-- HomePage -->
  </suite> <!-- HomePage Amazon Test -->
</testng-results>
